<?xml version="1.0" encoding="UTF-8"?>
<!-- Generated by org.testng.reporters.JUnitReportReporter -->
<testsuite skipped="0" hostname="DESKTOP-R2N7VAA" name="KTCTC.RR" tests="2" failures="0" timestamp="2022-05-15T12:09:28 IST" time="0.011" errors="0">
  <testcase name="sampleMethod2" time="0.003" classname="KTCTC.RR"/>
  <system-out/>
  <testcase name="sampleMethod1" time="0.008" classname="KTCTC.RR"/>
  <system-out/>
</testsuite> <!-- KTCTC.RR -->
